<?xml version="1.0" encoding="UTF-8"?>
<!-- Generated by org.testng.reporters.JUnitReportReporter -->
<testsuite hostname="raman-Vostro-3578" failures="0" tests="1" name="amazonSteps.amazonTestRunner" time="56.176" errors="0" timestamp="2022-12-28T19:02:43 IST" skipped="0">
  <testcase classname="amazonSteps.amazonTestRunner" name="runScenario" time="56.176"/>
  <system-out/>
</testsuite> <!-- amazonSteps.amazonTestRunner -->
